Log file open, 08/21/18 21:15:01
LogWindows: Failed to load 'aqProf.dll' (GetLastError=126)
LogWindows: File 'aqProf.dll' does not exist
LogWindows: Failed to load 'VtuneApi.dll' (GetLastError=126)
LogWindows: File 'VtuneApi.dll' does not exist
LogWindows: Failed to load 'VtuneApi32e.dll' (GetLastError=126)
LogWindows: File 'VtuneApi32e.dll' does not exist
LogPlatformFile: Not using cached read wrapper
LogInit: Display: RandInit(16113056) SRandInit(16113056).
LogTaskGraph: Started task graph with 5 named threads and 35 total threads with 3 sets of task threads.
LogStats: Stats thread started at 0.367547
LogD3D11RHI: Aftermath initialized
LogICUInternationalization: Display: ICU TimeZone Detection - Raw Offset: -5:00, Platform Override: ''
LogPluginManager: Mounting plugin Paper2D
LogPluginManager: Mounting plugin LightPropagationVolume
LogPluginManager: Mounting plugin CryptoKeys
LogPluginManager: Mounting plugin FacialAnimation
LogPluginManager: Mounting plugin DatasmithContent
LogPluginManager: Mounting plugin CharacterAI
LogPluginManager: Mounting plugin HTML5Networking
LogPluginManager: Mounting plugin AvfMedia
LogPluginManager: Mounting plugin ImgMedia
LogPluginManager: Mounting plugin LinearTimecode
LogPluginManager: Mounting plugin MediaCompositing
LogPluginManager: Mounting plugin WmfMedia
LogPluginManager: Mounting plugin TcpMessaging
LogPluginManager: Mounting plugin UdpMessaging
LogPluginManager: Mounting plugin ActorSequence
LogPluginManager: Mounting plugin OnlineSubsystem
LogPluginManager: Mounting plugin OnlineSubsystemNull
LogPluginManager: Mounting plugin OnlineSubsystemUtils
LogPluginManager: Mounting plugin AndroidPermission
LogPluginManager: Mounting plugin AppleARKit
LogPluginManager: Mounting plugin ProceduralMeshComponent
LogPluginManager: Mounting plugin LiveLink
LogPluginManager: Mounting plugin ArchVisCharacter
LogPluginManager: Mounting plugin AudioCapture
LogPluginManager: Mounting plugin CableComponent
LogPluginManager: Mounting plugin CustomMeshComponent
LogPluginManager: Mounting plugin ExampleDeviceProfileSelector
LogPluginManager: Mounting plugin ImmediatePhysics
LogPluginManager: Mounting plugin LocationServicesBPLibrary
LogPluginManager: Mounting plugin MobilePatchingUtils
LogPluginManager: Mounting plugin OculusVR
LogPluginManager: Mounting plugin PhysXVehicles
LogPluginManager: Mounting plugin RuntimePhysXCooking
LogPluginManager: Mounting plugin SteamVR
LogPluginManager: Mounting plugin WindowsMoviePlayer
LogStreaming: Display: Took  0.026s to configure plugins.
LogInit: Using libcurl 7.47.1
LogInit:  - built for x86_64-pc-win32
LogInit:  - supports SSL with OpenSSL/1.0.2g
LogInit:  - supports HTTP deflate (compression) using libz 1.2.8
LogInit:  - other features:
LogInit:      CURL_VERSION_SSL
LogInit:      CURL_VERSION_LIBZ
LogInit:      CURL_VERSION_IPV6
LogInit:      CURL_VERSION_ASYNCHDNS
LogInit:      CURL_VERSION_LARGEFILE
LogInit:      CURL_VERSION_IDN
LogInit:  CurlRequestOptions (configurable via config and command line):
LogInit:  - bVerifyPeer = false  - Libcurl will NOT verify peer certificate
LogInit:  - bUseHttpProxy = false  - Libcurl will NOT use HTTP proxy
LogInit:  - bDontReuseConnections = false  - Libcurl will reuse connections
LogInit:  - CertBundlePath = nullptr  - Libcurl will use whatever was configured at build time.
LogInit:  - MaxHostConnections = 16  - Libcurl will limit the number of connections to a host
LogInit:  - LocalHostAddr = Default
LogInit: WinSock: version 1.1 (2.2), MaxSocks=32767, MaxUdp=65467
LogInit: WinSock: I am DESKTOP-FCRQPM7 (192.168.0.181:0)
LogInit: Build: ++UE4+Release-4.19-CL-4033788
LogInit: Engine Version: 4.19.2-4033788+++UE4+Release-4.19
LogInit: Compatible Engine Version: 4.19.0-3944462+++UE4+Release-4.19
LogInit: Net CL: 3944462
LogDevObjectVersion: Number of dev versions registered: 18
LogDevObjectVersion:   Dev-Blueprints (B0D832E4-1F89-4F0D-ACCF-7EB736FD4AA2): 10
LogDevObjectVersion:   Dev-Build (E1C64328-A22C-4D53-A36C-8E866417BD8C): 0
LogDevObjectVersion:   Dev-Core (375EC13C-06E4-48FB-B500-84F0262A717E): 2
LogDevObjectVersion:   Dev-Editor (E4B068ED-F494-42E9-A231-DA0B2E46BB41): 23
LogDevObjectVersion:   Dev-Framework (CFFC743F-43B0-4480-9391-14DF171D2073): 33
LogDevObjectVersion:   Dev-Mobile (B02B49B5-BB20-44E9-A304-32B752E40360): 2
LogDevObjectVersion:   Dev-Networking (A4E4105C-59A1-49B5-A7C5-40C4547EDFEE): 0
LogDevObjectVersion:   Dev-Online (39C831C9-5AE6-47DC-9A44-9C173E1C8E7C): 0
LogDevObjectVersion:   Dev-Physics (78F01B33-EBEA-4F98-B9B4-84EACCB95AA2): 0
LogDevObjectVersion:   Dev-Platform (6631380F-2D4D-43E0-8009-CF276956A95A): 0
LogDevObjectVersion:   Dev-Rendering (12F88B9F-8875-4AFC-A67C-D90C383ABD29): 25
LogDevObjectVersion:   Dev-Sequencer (7B5AE74C-D270-4C10-A958-57980B212A5A): 6
LogDevObjectVersion:   Dev-VR (D7296918-1DD6-4BDD-9DE2-64A83CC13884): 1
LogDevObjectVersion:   Dev-LoadTimes (C2A15278-BFE7-4AFE-6C17-90FF531DF755): 1
LogDevObjectVersion:   Private-Geometry (6EACA3D4-40EC-4CC1-B786-8BED09428FC5): 2
LogDevObjectVersion:   Dev-AnimPhys (29E575DD-E0A3-4627-9D10-D276232CDCEA): 16
LogDevObjectVersion:   Dev-ReflectionCapture (6B266CEC-1EC7-4B8F-A30B-E4D90942FC07): 1
LogDevObjectVersion:   Dev-Automation (0DF73D61-A23F-47EA-B727-89E90C41499A): 1
LogInit: Compiled (64-bit): Apr 27 2018 02:10:52
LogInit: Compiled with Visual C++: 19.00.24215.01
LogInit: Build Configuration: DebugGame
LogInit: Branch Name: ++UE4+Release-4.19
LogInit: Command Line:  
LogInit: Base Directory: D:/SynergicStudio/UDP_Connectivity_POC/Test2/WindowsNoEditor/UDP_Connectivity_POC/Binaries/Win64/
LogInit: Installed Engine Build: 0
LogStreaming: Display: Took  0.000s to delete old logs.
LogInit: Presizing for max 2097152 objects, including 0 objects not considered by GC, pre-allocating 0 bytes for permanent pool.
LogStreaming: Display: Async Loading initialized: Event Driven Loader: true, Async Loading Thread: false
LogInit: Object subsystem initialized
[2018.08.22-01.15.01:457][  0]LogInit: Selected Device Profile: [WindowsNoEditor]
[2018.08.22-01.15.01:457][  0]LogInit: Applying CVar settings loaded from the selected device profile: [WindowsNoEditor]
[2018.08.22-01.15.01:461][  0]LogInit: Computer: DESKTOP-FCRQPM7
[2018.08.22-01.15.01:461][  0]LogInit: User: Dmitri
[2018.08.22-01.15.01:461][  0]LogInit: CPU Page size=4096, Cores=6
[2018.08.22-01.15.01:461][  0]LogInit: High frequency timer resolution =3.117189 MHz
[2018.08.22-01.15.01:461][  0]LogMemory: Memory total: Physical=16.0GB (16GB approx)
[2018.08.22-01.15.01:461][  0]LogMemory: Platform Memory Stats for WindowsNoEditor
[2018.08.22-01.15.01:461][  0]LogMemory: Process Physical Memory: 96.56 MB used, 96.56 MB peak
[2018.08.22-01.15.01:461][  0]LogMemory: Process Virtual Memory: 108.94 MB used, 108.94 MB peak
[2018.08.22-01.15.01:461][  0]LogMemory: Physical Memory: 7896.01 MB used,  8448.29 MB free, 16344.30 MB total
[2018.08.22-01.15.01:461][  0]LogMemory: Virtual Memory: 4477.82 MB used,  8448.29 MB free, 134217728.00 MB total
[2018.08.22-01.15.01:474][  0]LogInit: Using OS detected language (en-US).
[2018.08.22-01.15.01:474][  0]LogInit: Using OS detected locale (en-CA).
[2018.08.22-01.15.01:474][  0]LogTextLocalizationManager: No localization for 'en-US' exists, so 'en' will be used for the language.
[2018.08.22-01.15.01:474][  0]LogTextLocalizationManager: No localization for 'en-CA' exists, so 'en' will be used for the locale.
[2018.08.22-01.15.01:494][  0]LogStreaming: Display: Took  0.020s to EndInitTextLocalization.
[2018.08.22-01.15.01:506][  0]LogSlate: New Slate User Created.  User Index 0, Is Virtual User: 0
[2018.08.22-01.15.01:506][  0]LogSlate: Slate User Registered.  User Index 0, Is Virtual User: 0
[2018.08.22-01.15.01:509][  0]LogD3D11RHI: D3D11 adapters:
[2018.08.22-01.15.01:559][  0]LogD3D11RHI:    0. 'NVIDIA GeForce GTX 1080 Ti' (Feature Level 11_0)
[2018.08.22-01.15.01:559][  0]LogD3D11RHI:       11127/0/8172 MB DedicatedVideo/DedicatedSystem/SharedSystem, Outputs:1, VendorId:0x10de
[2018.08.22-01.15.01:561][  0]LogD3D11RHI:    1. 'Microsoft Basic Render Driver' (Feature Level 11_0)
[2018.08.22-01.15.01:561][  0]LogD3D11RHI:       0/0/8172 MB DedicatedVideo/DedicatedSystem/SharedSystem, Outputs:0, VendorId:0x1414
[2018.08.22-01.15.01:561][  0]LogD3D11RHI: Chosen D3D11 Adapter: 0
[2018.08.22-01.15.01:566][  0]LogD3D11RHI: Creating new Direct3DDevice
[2018.08.22-01.15.01:566][  0]LogD3D11RHI:     GPU DeviceId: 0x1b06 (for the marketing name, search the web for "GPU Device Id")
[2018.08.22-01.15.01:566][  0]LogWindows: EnumDisplayDevices:
[2018.08.22-01.15.01:566][  0]LogWindows:    0. 'NVIDIA GeForce GTX 1080 Ti' (P:1 D:1)
[2018.08.22-01.15.01:566][  0]LogWindows:    1. 'NVIDIA GeForce GTX 1080 Ti' (P:0 D:0)
[2018.08.22-01.15.01:566][  0]LogWindows:    2. 'NVIDIA GeForce GTX 1080 Ti' (P:0 D:0)
[2018.08.22-01.15.01:566][  0]LogWindows:    3. 'NVIDIA GeForce GTX 1080 Ti' (P:0 D:0)
[2018.08.22-01.15.01:566][  0]LogWindows: DebugString: GetVideoDriverDetailsInvalid PrimaryIsNotTheChoosenAdapter GetVideoDriverDetailsInvalid PrimaryIsNotTheChoosenAdapter GetVideoDriverDetailsInvalid PrimaryIsNotTheChoosenAdapter GetVideoDriverDetailsInvalid PrimaryIsNotTheChoosenAdapter FoundDriverCount:0 
[2018.08.22-01.15.01:566][  0]LogD3D11RHI:     Adapter Name: NVIDIA GeForce GTX 1080 Ti
[2018.08.22-01.15.01:566][  0]LogD3D11RHI:   Driver Version: Unknown (internal:Unknown, unified:Unknown)
[2018.08.22-01.15.01:566][  0]LogD3D11RHI:      Driver Date: Unknown
[2018.08.22-01.15.01:566][  0]LogRHI: Texture pool is 7788 MB (70% of 11127 MB)
[2018.08.22-01.15.01:599][  0]LogD3D11RHI: [Aftermath] Aftermath enabled and primed
[2018.08.22-01.15.01:599][  0]LogD3D11RHI: [Aftermath] Aftermath enabled and primed
[2018.08.22-01.15.01:599][  0]LogD3D11RHI: Async texture creation enabled
[2018.08.22-01.15.01:623][  0]LogD3D11RHI: GPU Timing Frequency: 1000.000000 (Debug: 2 2)
[2018.08.22-01.15.01:671][  0]LogMaterial: Verifying Global Shaders for PCD3D_SM5
[2018.08.22-01.15.01:672][  0]LogSlate: Using Freetype 2.6.0
[2018.08.22-01.15.01:672][  0]LogSlate: SlateFontCache - WITH_FREETYPE: 1, WITH_HARFBUZZ: 1
[2018.08.22-01.15.01:672][  0]LogSlate: SlateFontCache - WITH_FREETYPE: 1, WITH_HARFBUZZ: 1
[2018.08.22-01.15.01:711][  0]LogAssetRegistry: FAssetRegistry took 0.0082 seconds to start up
[2018.08.22-01.15.01:779][  0]LogPackageLocalizationCache: Processed 9 localized package path(s) for 1 prioritized culture(s) in 0.002669 seconds
[2018.08.22-01.15.01:779][  0]LogPakFile: New pak file ../../../UDP_Connectivity_POC/Content/Paks/UDP_Connectivity_POC-WindowsNoEditor.pak added to pak precacher.
[2018.08.22-01.15.01:780][  0]LogInit: Selected Device Profile: [WindowsNoEditor]
[2018.08.22-01.15.01:808][  0]LogNetVersion: UDP_Connectivity_POC , NetCL: 3944462, EngineNetVer: 2, GameNetVer: 0 (Checksum: 4163925544)
[2018.08.22-01.15.01:910][  0]LogMoviePlayer: Initializing movie player
[2018.08.22-01.15.02:064][  0]LogAndroidPermission: UAndroidPermissionCallbackProxy::GetInstance
[2018.08.22-01.15.02:064][  0]LogOcInput: OculusInput pre-init called
[2018.08.22-01.15.02:067][  0]LogUObjectArray: 32166 objects as part of root set at end of initial load.
[2018.08.22-01.15.02:067][  0]LogUObjectAllocator: 5928912 out of 0 bytes used by permanent object pool.
[2018.08.22-01.15.02:067][  0]LogUObjectArray: CloseDisregardForGC: 0/0 objects in disregard for GC pool
[2018.08.22-01.15.02:078][  0]LogEngine: Initializing Engine...
[2018.08.22-01.15.02:078][  0]LogHMD: Failed to initialize OpenVR with code 110
[2018.08.22-01.15.02:090][  0]LogStats: UGameplayTagsManager::ConstructGameplayTagTree: Construct from data asset -  0.000 s
[2018.08.22-01.15.02:090][  0]LogStats: UGameplayTagsManager::ConstructGameplayTagTree: GameplayTagTreeChangedEvent.Broadcast -  0.000 s
[2018.08.22-01.15.02:155][  0]LogInit: XAudio2 using 'Speakers (Realtek High Definition Audio)' : 2 channels at 48 kHz using 32 bits per sample (channel mask 0x3)
[2018.08.22-01.15.02:170][  0]LogInit: FAudioDevice initialized.
[2018.08.22-01.15.02:181][  0]LogInit: Texture streaming: Enabled
[2018.08.22-01.15.02:243][  0]LogInit: Display: Game Engine Initialized.
[2018.08.22-01.15.02:243][  0]LogGameplayTags: Display: UGameplayTagsManager::DoneAddingNativeTags. DelegateIsBound: 0
[2018.08.22-01.15.02:243][  0]LogStats: UGameplayTagsManager::ConstructGameplayTagTree: Construct from data asset -  0.000 s
[2018.08.22-01.15.02:243][  0]LogStats: UGameplayTagsManager::ConstructGameplayTagTree: GameplayTagTreeChangedEvent.Broadcast -  0.000 s
[2018.08.22-01.15.02:250][  0]LogInit: Display: Starting Game.
[2018.08.22-01.15.02:250][  0]LogNet: Browse: /Game/NewMap1?Name=Player
[2018.08.22-01.15.02:250][  0]LogLoad: LoadMap: /Game/NewMap1?Name=Player
[2018.08.22-01.15.02:266][  0]LogAIModule: Creating AISystem for world NewMap1
[2018.08.22-01.15.02:267][  0]LogLoad: Game class is 'new_gm_C'
[2018.08.22-01.15.02:268][  0]LogWorld: Bringing World /Game/NewMap1.NewMap1 up for play (max tick rate 0) at 2018.08.21-21.15.02
[2018.08.22-01.15.02:268][  0]LogWorld: Bringing up level for play took: 0.000539
[2018.08.22-01.15.02:269][  0]LogGameMode: Display: Match State Changed from EnteringMap to WaitingToStart
[2018.08.22-01.15.02:269][  0]LogGameState: Match State Changed from EnteringMap to WaitingToStart
[2018.08.22-01.15.02:269][  0]LogGameMode: Display: Match State Changed from WaitingToStart to InProgress
[2018.08.22-01.15.02:280][  0]LogGameState: Match State Changed from WaitingToStart to InProgress
[2018.08.22-01.15.02:280][  0]LogLoad: Took 0.030569 seconds to LoadMap(/Game/NewMap1)
[2018.08.22-01.15.02:308][  0]LogSlate: Took 0.000119 seconds to synchronously load lazily loaded font '../../../Engine/Content/EngineFonts/Faces/RobotoRegular.ufont' (155K)
[2018.08.22-01.15.02:310][  0]LogLoad: (Engine Initialization) Total time: 1.51 seconds
[2018.08.22-01.15.02:352][  0]LogRenderer: Reallocating scene render targets to support 800x800 Format 10 NumSamples 1 (Frame:1).
[2018.08.22-01.15.02:389][  0]LogContentStreaming: Texture pool size now 1000 MB
[2018.08.22-01.15.02:420][  1]LogConsoleResponse: Display: 
[2018.08.22-01.15.02:436][  2]LogConsoleResponse: Display: 
[2018.08.22-01.15.02:452][  3]LogConsoleResponse: Display: 
[2018.08.22-01.15.02:470][  4]LogConsoleResponse: Display: 
[2018.08.22-01.15.02:485][  5]LogConsoleResponse: Display: 
[2018.08.22-01.15.03:210][ 51]LogBlueprintUserMessages: [BP_Receiver_502] Data number 11 sent at Time stamp: 2018.08.21-21.15.03 at count:  received at 15:3:208
[2018.08.22-01.15.04:210][113]LogBlueprintUserMessages: [BP_Receiver_502] Data number 12 sent at Time stamp: 2018.08.21-21.15.04 at count:  received at 15:4:208
[2018.08.22-01.15.05:209][175]LogBlueprintUserMessages: [BP_Receiver_502] Data number 13 sent at Time stamp: 2018.08.21-21.15.05 at count:  received at 15:5:208
[2018.08.22-01.15.06:210][237]LogBlueprintUserMessages: [BP_Receiver_502] Data number 14 sent at Time stamp: 2018.08.21-21.15.06 at count:  received at 15:6:208
[2018.08.22-01.15.07:909][294]LogBlueprintUserMessages: [BP_Receiver_502] Data number 15 sent at Time stamp: 2018.08.21-21.15.07 at count:  received at 15:7:208
[2018.08.22-01.15.08:217][314]LogBlueprintUserMessages: [BP_Receiver_502] Data number 16 sent at Time stamp: 2018.08.21-21.15.08 at count:  received at 15:8:208
[2018.08.22-01.15.09:217][376]LogBlueprintUserMessages: [BP_Receiver_502] Data number 17 sent at Time stamp: 2018.08.21-21.15.09 at count:  received at 15:9:208
[2018.08.22-01.15.11:959][546]LogBlueprintUserMessages: [BP_Receiver_502] Data number 18 sent at Time stamp: 2018.08.21-21.15.11 at count:  received at 15:11:959
[2018.08.22-01.15.14:701][716]LogBlueprintUserMessages: [BP_Receiver_502] Data number 19 sent at Time stamp: 2018.08.21-21.15.14 at count:  received at 15:14:692
[2018.08.22-01.15.15:685][777]LogBlueprintUserMessages: [BP_Receiver_502] Data number 20 sent at Time stamp: 2018.08.21-21.15.15 at count:  received at 15:15:677
[2018.08.22-01.15.16:685][839]LogBlueprintUserMessages: [BP_Receiver_502] Data number 21 sent at Time stamp: 2018.08.21-21.15.16 at count:  received at 15:16:677
[2018.08.22-01.15.17:685][901]LogBlueprintUserMessages: [BP_Receiver_502] Data number 22 sent at Time stamp: 2018.08.21-21.15.17 at count:  received at 15:17:676
[2018.08.22-01.15.18:685][963]LogBlueprintUserMessages: [BP_Receiver_502] Data number 23 sent at Time stamp: 2018.08.21-21.15.18 at count:  received at 15:18:677
[2018.08.22-01.15.19:685][ 25]LogBlueprintUserMessages: [BP_Receiver_502] Data number 24 sent at Time stamp: 2018.08.21-21.15.19 at count:  received at 15:19:677
[2018.08.22-01.15.20:685][ 87]LogBlueprintUserMessages: [BP_Receiver_502] Data number 25 sent at Time stamp: 2018.08.21-21.15.20 at count:  received at 15:20:676
[2018.08.22-01.15.21:685][149]LogBlueprintUserMessages: [BP_Receiver_502] Data number 26 sent at Time stamp: 2018.08.21-21.15.21 at count:  received at 15:21:677
[2018.08.22-01.15.22:685][211]LogBlueprintUserMessages: [BP_Receiver_502] Data number 27 sent at Time stamp: 2018.08.21-21.15.22 at count:  received at 15:22:677
[2018.08.22-01.15.23:685][273]LogBlueprintUserMessages: [BP_Receiver_502] Data number 28 sent at Time stamp: 2018.08.21-21.15.23 at count:  received at 15:23:677
[2018.08.22-01.15.24:685][335]LogBlueprintUserMessages: [BP_Receiver_502] Data number 29 sent at Time stamp: 2018.08.21-21.15.24 at count:  received at 15:24:677
[2018.08.22-01.15.25:686][397]LogBlueprintUserMessages: [BP_Receiver_502] Data number 30 sent at Time stamp: 2018.08.21-21.15.25 at count:  received at 15:25:677
[2018.08.22-01.15.26:686][459]LogBlueprintUserMessages: [BP_Receiver_502] Data number 31 sent at Time stamp: 2018.08.21-21.15.26 at count:  received at 15:26:677
[2018.08.22-01.15.27:685][521]LogBlueprintUserMessages: [BP_Receiver_502] Data number 32 sent at Time stamp: 2018.08.21-21.15.27 at count:  received at 15:27:677
[2018.08.22-01.15.28:670][582]LogBlueprintUserMessages: [BP_Receiver_502] Data number 33 sent at Time stamp: 2018.08.21-21.15.28 at count:  received at 15:28:661
[2018.08.22-01.15.29:669][644]LogBlueprintUserMessages: [BP_Receiver_502] Data number 34 sent at Time stamp: 2018.08.21-21.15.29 at count:  received at 15:29:661
[2018.08.22-01.15.30:669][706]LogBlueprintUserMessages: [BP_Receiver_502] Data number 35 sent at Time stamp: 2018.08.21-21.15.30 at count:  received at 15:30:661
[2018.08.22-01.15.31:669][768]LogBlueprintUserMessages: [BP_Receiver_502] Data number 36 sent at Time stamp: 2018.08.21-21.15.31 at count:  received at 15:31:661
[2018.08.22-01.15.32:669][830]LogBlueprintUserMessages: [BP_Receiver_502] Data number 37 sent at Time stamp: 2018.08.21-21.15.32 at count:  received at 15:32:661
[2018.08.22-01.15.33:669][892]LogBlueprintUserMessages: [BP_Receiver_502] Data number 38 sent at Time stamp: 2018.08.21-21.15.33 at count:  received at 15:33:661
[2018.08.22-01.15.34:669][954]LogBlueprintUserMessages: [BP_Receiver_502] Data number 39 sent at Time stamp: 2018.08.21-21.15.34 at count:  received at 15:34:661
[2018.08.22-01.15.35:670][ 16]LogBlueprintUserMessages: [BP_Receiver_502] Data number 40 sent at Time stamp: 2018.08.21-21.15.35 at count:  received at 15:35:661
[2018.08.22-01.15.36:669][ 78]LogBlueprintUserMessages: [BP_Receiver_502] Data number 41 sent at Time stamp: 2018.08.21-21.15.36 at count:  received at 15:36:660
[2018.08.22-01.15.37:669][140]LogBlueprintUserMessages: [BP_Receiver_502] Data number 42 sent at Time stamp: 2018.08.21-21.15.37 at count:  received at 15:37:660
[2018.08.22-01.15.38:669][202]LogBlueprintUserMessages: [BP_Receiver_502] Data number 43 sent at Time stamp: 2018.08.21-21.15.38 at count:  received at 15:38:660
[2018.08.22-01.15.39:669][264]LogBlueprintUserMessages: [BP_Receiver_502] Data number 44 sent at Time stamp: 2018.08.21-21.15.39 at count:  received at 15:39:661
[2018.08.22-01.15.40:670][326]LogBlueprintUserMessages: [BP_Receiver_502] Data number 45 sent at Time stamp: 2018.08.21-21.15.40 at count:  received at 15:40:661
[2018.08.22-01.15.41:670][388]LogBlueprintUserMessages: [BP_Receiver_502] Data number 46 sent at Time stamp: 2018.08.21-21.15.41 at count:  received at 15:41:661
[2018.08.22-01.15.42:670][450]LogBlueprintUserMessages: [BP_Receiver_502] Data number 47 sent at Time stamp: 2018.08.21-21.15.42 at count:  received at 15:42:661
[2018.08.22-01.15.43:669][512]LogBlueprintUserMessages: [BP_Receiver_502] Data number 48 sent at Time stamp: 2018.08.21-21.15.43 at count:  received at 15:43:661
[2018.08.22-01.15.44:670][574]LogBlueprintUserMessages: [BP_Receiver_502] Data number 49 sent at Time stamp: 2018.08.21-21.15.44 at count:  received at 15:44:661
[2018.08.22-01.15.45:670][636]LogBlueprintUserMessages: [BP_Receiver_502] Data number 50 sent at Time stamp: 2018.08.21-21.15.45 at count:  received at 15:45:662
[2018.08.22-01.15.46:670][698]LogBlueprintUserMessages: [BP_Receiver_502] Data number 51 sent at Time stamp: 2018.08.21-21.15.46 at count:  received at 15:46:661
[2018.08.22-01.15.47:670][760]LogBlueprintUserMessages: [BP_Receiver_502] Data number 52 sent at Time stamp: 2018.08.21-21.15.47 at count:  received at 15:47:661
[2018.08.22-01.15.48:670][822]LogBlueprintUserMessages: [BP_Receiver_502] Data number 53 sent at Time stamp: 2018.08.21-21.15.48 at count:  received at 15:48:662
[2018.08.22-01.15.49:669][884]LogBlueprintUserMessages: [BP_Receiver_502] Data number 54 sent at Time stamp: 2018.08.21-21.15.49 at count:  received at 15:49:661
[2018.08.22-01.15.50:670][946]LogBlueprintUserMessages: [BP_Receiver_502] Data number 55 sent at Time stamp: 2018.08.21-21.15.50 at count:  received at 15:50:662
[2018.08.22-01.15.51:670][  8]LogBlueprintUserMessages: [BP_Receiver_502] Data number 56 sent at Time stamp: 2018.08.21-21.15.51 at count:  received at 15:51:662
[2018.08.22-01.15.52:669][ 70]LogBlueprintUserMessages: [BP_Receiver_502] Data number 57 sent at Time stamp: 2018.08.21-21.15.52 at count:  received at 15:52:661
[2018.08.22-01.15.53:669][132]LogBlueprintUserMessages: [BP_Receiver_502] Data number 58 sent at Time stamp: 2018.08.21-21.15.53 at count:  received at 15:53:661
[2018.08.22-01.15.54:670][194]LogBlueprintUserMessages: [BP_Receiver_502] Data number 59 sent at Time stamp: 2018.08.21-21.15.54 at count:  received at 15:54:662
[2018.08.22-01.15.55:670][256]LogBlueprintUserMessages: [BP_Receiver_502] Data number 60 sent at Time stamp: 2018.08.21-21.15.55 at count:  received at 15:55:662
[2018.08.22-01.15.56:670][318]LogBlueprintUserMessages: [BP_Receiver_502] Data number 61 sent at Time stamp: 2018.08.21-21.15.56 at count:  received at 15:56:662
[2018.08.22-01.15.57:670][380]LogBlueprintUserMessages: [BP_Receiver_502] Data number 62 sent at Time stamp: 2018.08.21-21.15.57 at count:  received at 15:57:662
[2018.08.22-01.15.58:670][442]LogBlueprintUserMessages: [BP_Receiver_502] Data number 63 sent at Time stamp: 2018.08.21-21.15.58 at count:  received at 15:58:662
[2018.08.22-01.15.59:670][504]LogBlueprintUserMessages: [BP_Receiver_502] Data number 64 sent at Time stamp: 2018.08.21-21.15.59 at count:  received at 15:59:662
[2018.08.22-01.16.00:670][566]LogBlueprintUserMessages: [BP_Receiver_502] Data number 65 sent at Time stamp: 2018.08.21-21.16.00 at count:  received at 16:0:661
[2018.08.22-01.16.01:670][628]LogBlueprintUserMessages: [BP_Receiver_502] Data number 66 sent at Time stamp: 2018.08.21-21.16.01 at count:  received at 16:1:661
[2018.08.22-01.16.02:670][690]LogBlueprintUserMessages: [BP_Receiver_502] Data number 67 sent at Time stamp: 2018.08.21-21.16.02 at count:  received at 16:2:662
[2018.08.22-01.16.03:670][752]LogBlueprintUserMessages: [BP_Receiver_502] Data number 68 sent at Time stamp: 2018.08.21-21.16.03 at count:  received at 16:3:662
[2018.08.22-01.16.04:670][814]LogBlueprintUserMessages: [BP_Receiver_502] Data number 69 sent at Time stamp: 2018.08.21-21.16.04 at count:  received at 16:4:662
[2018.08.22-01.16.05:670][876]LogBlueprintUserMessages: [BP_Receiver_502] Data number 70 sent at Time stamp: 2018.08.21-21.16.05 at count:  received at 16:5:661
[2018.08.22-01.16.06:670][938]LogBlueprintUserMessages: [BP_Receiver_502] Data number 71 sent at Time stamp: 2018.08.21-21.16.06 at count:  received at 16:6:662
[2018.08.22-01.16.07:670][  0]LogBlueprintUserMessages: [BP_Receiver_502] Data number 72 sent at Time stamp: 2018.08.21-21.16.07 at count:  received at 16:7:661
[2018.08.22-01.16.16:912][572]LogSlate: Request Window 'UDP_Connectivity_POC (64-bit, PCD3D_SM5) ' being destroyed
[2018.08.22-01.16.16:935][572]LogSlate: Window 'UDP_Connectivity_POC (64-bit, PCD3D_SM5) ' being destroyed
[2018.08.22-01.16.16:935][572]LogWindowsTextInputMethodSystem: Display: IME system now deactivated.
[2018.08.22-01.16.16:938][572]LogEngine: All Windows Closed
[2018.08.22-01.16.16:938][572]LogWindows: FPlatformMisc::RequestExit(0)
[2018.08.22-01.16.17:129][573]LogSlate: Slate User Destroyed.  User Index 0, Is Virtual User: 0
[2018.08.22-01.16.17:129][573]LogExit: Preparing to exit.
[2018.08.22-01.16.17:129][573]LogMoviePlayer: Shutting down movie player
[2018.08.22-01.16.17:132][573]LogExit: Game engine shut down
[2018.08.22-01.16.17:149][573]LogExit: Object subsystem successfully closed.
[2018.08.22-01.16.17:154][573]LogD3D11RHI: Shutdown
[2018.08.22-01.16.17:154][573]LogD3D11RHI: CleanupD3DDevice
[2018.08.22-01.16.17:155][573]LogD3D11RHI: ~FD3D11DynamicRHI
[2018.08.22-01.16.17:155][573]LogModuleManager: Shutting down and abandoning module AutomationController (178)
[2018.08.22-01.16.17:155][573]LogModuleManager: Shutting down and abandoning module AutomationWorker (176)
[2018.08.22-01.16.17:155][573]LogModuleManager: Shutting down and abandoning module AIModule (174)
[2018.08.22-01.16.17:155][573]LogModuleManager: Shutting down and abandoning module GameplayDebugger (173)
[2018.08.22-01.16.17:156][573]LogModuleManager: Shutting down and abandoning module WmfMediaFactory (170)
[2018.08.22-01.16.17:156][573]LogModuleManager: Shutting down and abandoning module OpenExrWrapper (168)
[2018.08.22-01.16.17:156][573]LogModuleManager: Shutting down and abandoning module ImgMediaFactory (166)
[2018.08.22-01.16.17:156][573]LogModuleManager: Shutting down and abandoning module AvfMediaFactory (164)
[2018.08.22-01.16.17:156][573]LogModuleManager: Shutting down and abandoning module CharacterAI (162)
[2018.08.22-01.16.17:156][573]LogModuleManager: Shutting down and abandoning module SessionServices (160)
[2018.08.22-01.16.17:156][573]LogModuleManager: Shutting down and abandoning module MovieSceneTracks (158)
[2018.08.22-01.16.17:156][573]LogModuleManager: Shutting down and abandoning module MovieScene (156)
[2018.08.22-01.16.17:156][573]LogModuleManager: Shutting down and abandoning module GeometryCache (154)
[2018.08.22-01.16.17:156][573]LogModuleManager: Shutting down and abandoning module StreamingPauseRendering (152)
[2018.08.22-01.16.17:156][573]LogModuleManager: Shutting down and abandoning module AnalyticsET (150)
[2018.08.22-01.16.17:156][573]LogModuleManager: Shutting down and abandoning module ProfilerService (148)
[2018.08.22-01.16.17:219][573]LogModuleManager: Shutting down and abandoning module TaskGraph (146)
[2018.08.22-01.16.17:219][573]LogModuleManager: Shutting down and abandoning module SteamVRController (144)
[2018.08.22-01.16.17:219][573]LogModuleManager: Shutting down and abandoning module OculusInput (142)
[2018.08.22-01.16.17:219][573]LogModuleManager: Shutting down and abandoning module MobilePatchingUtils (140)
[2018.08.22-01.16.17:219][573]LogModuleManager: Shutting down and abandoning module CustomMeshComponent (138)
[2018.08.22-01.16.17:219][573]LogModuleManager: Shutting down and abandoning module CableComponent (136)
[2018.08.22-01.16.17:219][573]LogModuleManager: Shutting down and abandoning module AudioCapture (134)
[2018.08.22-01.16.17:219][573]LogModuleManager: Shutting down and abandoning module ArchVisCharacter (132)
[2018.08.22-01.16.17:219][573]LogModuleManager: Shutting down and abandoning module ProceduralMeshComponent (130)
[2018.08.22-01.16.17:219][573]LogModuleManager: Shutting down and abandoning module AndroidPermission (128)
[2018.08.22-01.16.17:219][573]LogModuleManager: Shutting down and abandoning module MediaCompositing (124)
[2018.08.22-01.16.17:219][573]LogModuleManager: Shutting down and abandoning module LinearTimecode (122)
[2018.08.22-01.16.17:219][573]LogModuleManager: Shutting down and abandoning module ImgMedia (120)
[2018.08.22-01.16.17:219][573]LogModuleManager: Shutting down and abandoning module HTML5Networking (118)
[2018.08.22-01.16.17:219][573]LogModuleManager: Shutting down and abandoning module DatasmithContent (116)
[2018.08.22-01.16.17:219][573]LogModuleManager: Shutting down and abandoning module UDP_Connectivity_POC (114)
[2018.08.22-01.16.17:219][573]LogModuleManager: Shutting down and abandoning module RuntimePhysXCooking (112)
[2018.08.22-01.16.17:219][573]LogModuleManager: Shutting down and abandoning module PhysXVehicles (110)
[2018.08.22-01.16.17:219][573]LogModuleManager: Shutting down and abandoning module LocationServicesBPLibrary (108)
[2018.08.22-01.16.17:219][573]LogModuleManager: Shutting down and abandoning module ImmediatePhysics (106)
[2018.08.22-01.16.17:220][573]LogModuleManager: Shutting down and abandoning module LiveLink (104)
[2018.08.22-01.16.18:007][573]LogModuleManager: Shutting down and abandoning module ActorSequence (102)
[2018.08.22-01.16.18:007][573]LogModuleManager: Shutting down and abandoning module UdpMessaging (100)
[2018.08.22-01.16.18:007][573]LogModuleManager: Shutting down and abandoning module TcpMessaging (98)
[2018.08.22-01.16.18:007][573]LogModuleManager: Shutting down and abandoning module FacialAnimation (96)
[2018.08.22-01.16.18:007][573]LogModuleManager: Shutting down and abandoning module LightPropagationVolumeRuntime (94)
[2018.08.22-01.16.18:007][573]LogModuleManager: Shutting down and abandoning module Paper2D (92)
[2018.08.22-01.16.18:007][573]LogModuleManager: Shutting down and abandoning module WindowsMoviePlayer (90)
[2018.08.22-01.16.18:007][573]LogModuleManager: Shutting down and abandoning module WmfMedia (88)
[2018.08.22-01.16.18:007][573]LogModuleManager: Shutting down and abandoning module PacketHandler (86)
[2018.08.22-01.16.18:007][573]LogModuleManager: Shutting down and abandoning module ClothingSystemRuntime (84)
[2018.08.22-01.16.18:007][573]LogModuleManager: Shutting down and abandoning module MediaAssets (82)
[2018.08.22-01.16.18:007][573]LogModuleManager: Shutting down and abandoning module Overlay (80)
[2018.08.22-01.16.18:007][573]LogModuleManager: Shutting down and abandoning module UMG (78)
[2018.08.22-01.16.18:007][573]LogModuleManager: Shutting down and abandoning module SlateReflector (76)
[2018.08.22-01.16.18:007][573]LogModuleManager: Shutting down and abandoning module Slate (74)
[2018.08.22-01.16.18:007][573]LogModuleManager: Shutting down and abandoning module MRMesh (72)
[2018.08.22-01.16.18:007][573]LogModuleManager: Shutting down and abandoning module Messaging (70)
[2018.08.22-01.16.18:007][573]LogModuleManager: Shutting down and abandoning module HeadMountedDisplay (68)
[2018.08.22-01.16.18:007][573]LogModuleManager: Shutting down and abandoning module XAudio2 (66)
[2018.08.22-01.16.18:007][573]LogModuleManager: Shutting down and abandoning module Networking (64)
[2018.08.22-01.16.18:007][573]LogModuleManager: Shutting down and abandoning module Core (62)
[2018.08.22-01.16.18:007][573]LogModuleManager: Shutting down and abandoning module LevelSequence (60)
[2018.08.22-01.16.18:007][573]LogModuleManager: Shutting down and abandoning module Media (58)
[2018.08.22-01.16.18:013][573]LogModuleManager: Shutting down and abandoning module ImageWrapper (54)
[2018.08.22-01.16.18:013][573]LogModuleManager: Shutting down and abandoning module InputCore (52)
[2018.08.22-01.16.18:013][573]LogModuleManager: Shutting down and abandoning module PhysXCooking (50)
[2018.08.22-01.16.18:013][573]LogModuleManager: Shutting down and abandoning module SteamVR (48)
[2018.08.22-01.16.18:013][573]LogModuleManager: Shutting down and abandoning module OculusHMD (46)
[2018.08.22-01.16.18:013][573]LogModuleManager: Shutting down and abandoning module ExampleDeviceProfileSelector (44)
[2018.08.22-01.16.18:013][573]LogModuleManager: Shutting down and abandoning module AppleARKit (42)
[2018.08.22-01.16.18:013][573]LogModuleManager: Shutting down and abandoning module AugmentedReality (39)
[2018.08.22-01.16.18:013][573]LogModuleManager: Shutting down and abandoning module OnlineSubsystem (34)
[2018.08.22-01.16.18:013][573]LogModuleManager: Shutting down and abandoning module HTTP (33)
[2018.08.22-01.16.18:013][573]LogHttp: Display: Http module shutting down, but needs to wait on 1 outstanding Http requests:
[2018.08.22-01.16.18:013][573]LogHttp: Display: 	verb=[POST] url=[https://datarouter.ol.epicgames.com/datarouter/api/v1/public/data?SessionID=%7B3BE85287-499E-4FB0-39F1-C5906FDCDD59%7D&AppID=UEGame.Rocket.Release%7CCFCE90804644461A2C45BD940716806D%7CUE4Game&AppVersion=4.19.2-4033788%2B%2B%2BUE4%2BRelease-4.19&UserID=ANON-%7B8A866711-4558-EC07-196E-01B2FC66CDA7%7D%7C%7C&AppEnvironment=datacollector-binary&UploadType=eteventstream] status=Processing
[2018.08.22-01.16.18:024][573]LogModuleManager: Shutting down and abandoning module SSL (32)
[2018.08.22-01.16.18:024][573]LogModuleManager: Shutting down and abandoning module ShaderCore (28)
[2018.08.22-01.16.18:024][573]LogModuleManager: Shutting down and abandoning module Landscape (26)
[2018.08.22-01.16.18:024][573]LogModuleManager: Shutting down and abandoning module SlateRHIRenderer (24)
[2018.08.22-01.16.18:024][573]LogModuleManager: Shutting down and abandoning module OpenGLDrv (22)
[2018.08.22-01.16.18:024][573]LogModuleManager: Shutting down and abandoning module D3D11RHI (20)
[2018.08.22-01.16.18:024][573]LogModuleManager: Shutting down and abandoning module AnimGraphRuntime (18)
[2018.08.22-01.16.18:024][573]LogModuleManager: Shutting down and abandoning module Renderer (16)
[2018.08.22-01.16.18:024][573]LogModuleManager: Shutting down and abandoning module Engine (14)
[2018.08.22-01.16.18:024][573]LogModuleManager: Shutting down and abandoning module CoreUObject (12)
[2018.08.22-01.16.18:024][573]LogModuleManager: Shutting down and abandoning module NetworkFile (10)
[2018.08.22-01.16.18:024][573]LogModuleManager: Shutting down and abandoning module CookedIterativeFile (8)
[2018.08.22-01.16.18:024][573]LogModuleManager: Shutting down and abandoning module StreamingFile (6)
[2018.08.22-01.16.18:025][573]LogModuleManager: Shutting down and abandoning module SandboxFile (4)
[2018.08.22-01.16.18:025][573]LogModuleManager: Shutting down and abandoning module PakFile (2)
[2018.08.22-01.16.18:026][573]LogExit: Exiting.
[2018.08.22-01.16.18:027][573]Log file closed, 08/21/18 21:16:18
